

id                      : inc-0go7wvqmr-mrjbh0n8
type                    : Medical emergency
description             : eergency
location                : Section B5
peopleAffected          : 2
imageUrl                : 
status                  : Resolved
createdAt               : 2026-07-13T14:27:40.292Z
severity                : Medium
summary                 : Spectator needs medical assistance in Section B5 due to: eergency...
recommendedResponse     : Dispatch nearest Medical Team. Carry trauma kit and check for consciousness.
estimatedResponseTime   : 2 minutes
protocol                : 1. Dispatch Medical Team immediately.
                          2. Clear aisles leading to Section/Location.
                          3. Assist medical staff with patient transfer.
                          4. Standby with AED.
assignedResources       : @{medical=Team Alpha; security=Guard Unit 1; volunteers=Vol Group Green}
equipmentRequired       : {AED (Defibrillator), Trauma Bag, Stretcher}
additionalBackup        : Ambulance Crew (Unit 3) on outer gate standby.
evacuationRoute         : Route down Aisle C, exit through Tunnel C, proceed to gate 3.
alternativeRoute        : Route up stairs, exit through upper deck concourse to Gate 2.
estimatedEvacuationTime : 4 minutes

id                      : inc-h41w5kk8k-mrjb8t87
type                    : Fire
description             : Small smoke rising in concession stand, Section D1. People leaving the line in a panic.
location                : Section D1
peopleAffected          : 5
imageUrl                : 
status                  : Resolved
createdAt               : 2026-07-13T14:21:17.431Z
severity                : High
summary                 : Active fire report in Section D1: Small smoke rising in concession stand, Section D1...
recommendedResponse     : Dispatch Fire marshal and Security. Evacuate adjacent rows. Deploy nearby dry chemical fire 
                          extinguishers.
estimatedResponseTime   : 1.5 minutes
protocol                : 1. Sound local sector alarm.
                          2. Instruct personnel to deploy fire extinguishers immediately.
                          3. Contain concession utilities if located near food stalls.
                          4. Cordon off the affected zone and start local evacuation.
assignedResources       : @{medical=Team Gamma; security=Guard Unit 2; volunteers=Vol Group Red}
equipmentRequired       : {Dry Chemical Fire Extinguisher, Fire Blanket, Thermal Visor}
additionalBackup        : City Fire Truck dispatched (Estimated ETA: 6 mins).
evacuationRoute         : Exit through Tunnel D, route to Gate 6. Gate 5 is CLOSED.
alternativeRoute        : Move west across Outer Concourse, exit through Gate 7.
estimatedEvacuationTime : 6 minutes

id                      : inc-1
type                    : Medical emergency
description             : Spectator in Section C4 reports sudden chest pains, difficulties breathing, and sweating. 
                          Appears to be having a cardiac event.
location                : Section C4
peopleAffected          : 1
severity                : High
summary                 : Potential cardiac arrest in Section C4. Spectator is conscious but has severe chest 
                          tightness.
recommendedResponse     : Dispatch Medical Team Beta with AED and stretcher. Direct crowd away from Section C4 aisle.
estimatedResponseTime   : 2 minutes
protocol                : 1. Dispatch closest medical team (Beta).
                          2. Bring AED and trauma kit.
                          3. Instruct nearby volunteers to clear the aisle.
                          4. Call local emergency services (ambulance standby).
status                  : Resolved
createdAt               : 2026-07-13T14:05:02.324Z
assignedResources       : @{medical=Team Beta; security=Guard Unit 2; volunteers=Vol Group Blue}
equipmentRequired       : {AED (Defibrillator), Trauma Bag, Stretcher}
additionalBackup        : Ambulance Crew (Unit 3) on outer gate standby.
evacuationRoute         : Evacuate through Tunnel C, exit via Gate 3.
alternativeRoute        : Standard gate routes.
estimatedEvacuationTime : 2 minutes
imageUrl                : 

id                      : inc-2
type                    : Suspicious object
description             : An unattended black backpack has been left under seat 14 in Section A12 for over an hour. No 
                          one in the vicinity claims ownership.
location                : Section A12
peopleAffected          : 0
severity                : High
summary                 : Unattended black backpack under seat 14, Section A12. Unclaimed for >60 minutes.
recommendedResponse     : Dispatch Security Unit 1 to cordon off the area and assess the bag. Alert bomb disposal 
                          standby.
estimatedResponseTime   : 3 minutes
protocol                : 1. Cordon off seats within a 15-meter radius (Section A12, rows 10-15).
                          2. Direct spectators to Section A11/A13.
                          3. Dispatch Security Unit 1.
                          4. Do not touch or move the bag; perform visual inspection.
status                  : Resolved
createdAt               : 2026-07-13T13:50:02.339Z
assignedResources       : @{medical=TBD; security=Guard Unit 1; volunteers=Vol Group Red}
equipmentRequired       : {EOD containment blanket, Standoff Shield}
additionalBackup        : Bomb squad unit dispatched to outer perimeter.
evacuationRoute         : Cordon Section A12. Direct flow to Gate 1.
alternativeRoute        : Standard gate routes.
estimatedEvacuationTime : 3 minutes
imageUrl                : 

id                      : inc-3
type                    : Lost child
description             : A 6-year-old boy named Leo, wearing a yellow FIFA t-shirt and green cap, was separated from 
                          his parents near the concession stands in Section B2. Parents are highly distressed.
location                : Section B2
peopleAffected          : 1
severity                : Low
summary                 : 6-year-old boy (Leo, yellow t-shirt, green cap) lost near Section B2 concessions.
recommendedResponse     : Alert all volunteers in Zone B. Place child under volunteer care at Section B Information 
                          Desk.
estimatedResponseTime   : Immediate
protocol                : 1. Send description to all Zone B volunteers and security.
                          2. Guide parents to the Zone B Information Booth.
                          3. Make a localized announcement in English and Spanish.
                          4. Monitor exit cameras.
status                  : Resolved
createdAt               : 2026-07-13T13:35:02.339Z
assignedResources       : @{medical=TBD; security=TBD; volunteers=Vol Group Red}
equipmentRequired       : {Radio, First Aid Kit}
additionalBackup        : None required.
evacuationRoute         : N/A
alternativeRoute        : N/A
estimatedEvacuationTime : Immediate
imageUrl                : 

id                      : inc-4
type                    : Crowd stampede
description             : Severe crowd bottleneck at Gate 5. Outflow gates were locked, causing spectators leaving 
                          Section D12 to surge. People are getting pressed against the turnstiles, risk of crushing.
location                : Gate 5 (Section D12)
peopleAffected          : 50
severity                : Critical
summary                 : Dangerous crowd bottleneck at Gate 5 entrance/exit due to locked gates and sudden spectator 
                          outflow surge.
recommendedResponse     : Immediately unlock Gate 5 secondary exit gates. Dispatch Security Unit 3 and Vol Group Blue 
                          to manage crowd flow. Announce redirection to Gate 6.
estimatedResponseTime   : 1 minute
protocol                : 1. Unlock all safety gates at Gate 5 immediately.
                          2. Dispatch Security Unit 3 to form a crowd-breaking wedge.
                          3. Use megaphones to broadcast redirection announcements in English, Spanish, and French.
                          4. Direct incoming crowd to Gate 6.
status                  : Resolved
createdAt               : 2026-07-13T14:15:02.339Z
assignedResources       : @{medical=Team Alpha; security=Guard Unit 3; volunteers=Vol Group Blue}
equipmentRequired       : {Megaphones, Barricades, Loudspeakers}
additionalBackup        : Reserve Security Platoon 4 mobilized at Gate 5.
evacuationRoute         : Redirect crowd from Gate 5 to Gate 6 via Outer Ring Walkway.
alternativeRoute        : Move west across Outer Concourse, exit through Gate 7.
estimatedEvacuationTime : 6 minutes
imageUrl                : 



