

    Directory: C:\Users\devik\AppData\Local\Programs\cursor\resources\app\extensions


Mode                 LastWriteTime         Length Name                                                                 
----                 -------------         ------ ----                                                                 
d-----        04-11-2025     20:22                npm                                                                  


    Directory: C:\Users\devik\AppData\Local\Programs\cursor\resources\app\extensions\css-language-features\server


Mode                 LastWriteTime         Length Name                                                                 
----                 -------------         ------ ----                                                                 
-a----        03-11-2025     22:53             39 .npmrc                                                               


    Directory: C:\Users\devik\AppData\Local\Programs\cursor\resources\app\extensions\html-language-features\server


Mode                 LastWriteTime         Length Name                                                                 
----                 -------------         ------ ----                                                                 
-a----        03-11-2025     22:53             39 .npmrc                                                               


    Directory: C:\Users\devik\AppData\Local\Programs\cursor\resources\app\extensions\json-language-features\server


Mode                 LastWriteTime         Length Name                                                                 
----                 -------------         ------ ----                                                                 
-a----        03-11-2025     22:53             39 .npmrc                                                               


    Directory: 
    C:\Users\devik\AppData\Local\Programs\cursor\resources\app\extensions\ms-vscode.js-debug\resources\readme


Mode                 LastWriteTime         Length Name                                                                 
----                 -------------         ------ ----                                                                 
-a----        03-11-2025     22:54          21400 npm-code-lens.png                                                    


    Directory: C:\Users\devik\AppData\Local\Programs\cursor\resources\app\extensions\npm\dist


Mode                 LastWriteTime         Length Name                                                                 
----                 -------------         ------ ----                                                                 
-a----        03-11-2025     22:54         339383 npmMain.js                                                           
-a----        03-11-2025     22:54            464 npmMain.js.LICENSE.txt                                               


    Directory: C:\Users\devik\AppData\Local\Programs\cursor\resources\app\extensions\npm\images


Mode                 LastWriteTime         Length Name                                                                 
----                 -------------         ------ ----                                                                 
-a----        03-11-2025     22:54            523 npm_icon.png                                                         


    Directory: C:\Users\devik\AppData\Local\Programs\cursor\resources\app\node_modules\@sentry\browser\build


Mode                 LastWriteTime         Length Name                                                                 
----                 -------------         ------ ----                                                                 
d-----        04-11-2025     20:22                npm                                                                  


    Directory: C:\Users\devik\AppData\Local\Programs\cursor\resources\app\node_modules\@sentry-internal\feedback\build


Mode                 LastWriteTime         Length Name                                                                 
----                 -------------         ------ ----                                                                 
d-----        04-11-2025     20:22                npm                                                                  


    Directory: C:\Users\devik\AppData\Local\Programs\cursor\resources\app\node_modules\@sentry-internal\replay\build


Mode                 LastWriteTime         Length Name                                                                 
----                 -------------         ------ ----                                                                 
d-----        04-11-2025     20:22                npm                                                                  


    Directory: 
    C:\Users\devik\AppData\Local\Programs\cursor\resources\app\node_modules\@sentry-internal\replay-canvas\build


Mode                 LastWriteTime         Length Name                                                                 
----                 -------------         ------ ----                                                                 
d-----        04-11-2025     20:22                npm                                                                  


    Directory: C:\Users\devik\AppData\Local\Programs\cursor\_\resources\app\extensions


Mode                 LastWriteTime         Length Name                                                                 
----                 -------------         ------ ----                                                                 
d-----        17-04-2026     19:45                npm                                                                  


    Directory: C:\Users\devik\AppData\Local\Programs\cursor\_\resources\app\extensions\css-language-features\server


Mode                 LastWriteTime         Length Name                                                                 
----                 -------------         ------ ----                                                                 
-a----        15-04-2026     02:11             39 .npmrc                                                               


    Directory: C:\Users\devik\AppData\Local\Programs\cursor\_\resources\app\extensions\html-language-features\server


Mode                 LastWriteTime         Length Name                                                                 
----                 -------------         ------ ----                                                                 
-a----        15-04-2026     02:11             39 .npmrc                                                               


    Directory: C:\Users\devik\AppData\Local\Programs\cursor\_\resources\app\extensions\json-language-features\server


Mode                 LastWriteTime         Length Name                                                                 
----                 -------------         ------ ----                                                                 
-a----        15-04-2026     02:11             39 .npmrc                                                               


    Directory: 
    C:\Users\devik\AppData\Local\Programs\cursor\_\resources\app\extensions\ms-vscode.js-debug\resources\readme


Mode                 LastWriteTime         Length Name                                                                 
----                 -------------         ------ ----                                                                 
-a----        15-04-2026     02:11          21400 npm-code-lens.png                                                    


    Directory: C:\Users\devik\AppData\Local\Programs\cursor\_\resources\app\extensions\npm\dist


Mode                 LastWriteTime         Length Name                                                                 
----                 -------------         ------ ----                                                                 
-a----        15-04-2026     02:11         339383 npmMain.js                                                           
-a----        15-04-2026     02:11            464 npmMain.js.LICENSE.txt                                               


    Directory: C:\Users\devik\AppData\Local\Programs\cursor\_\resources\app\extensions\npm\images


Mode                 LastWriteTime         Length Name                                                                 
----                 -------------         ------ ----                                                                 
-a----        15-04-2026     02:11            523 npm_icon.png                                                         


    Directory: C:\Users\devik\AppData\Local\Programs\cursor\_\resources\app\node_modules\@sentry\browser\build


Mode                 LastWriteTime         Length Name                                                                 
----                 -------------         ------ ----                                                                 
d-----        17-04-2026     19:45                npm                                                                  


    Directory: 
    C:\Users\devik\AppData\Local\Programs\cursor\_\resources\app\node_modules\@sentry-internal\feedback\build


Mode                 LastWriteTime         Length Name                                                                 
----                 -------------         ------ ----                                                                 
d-----        17-04-2026     19:45                npm                                                                  


    Directory: C:\Users\devik\AppData\Local\Programs\cursor\_\resources\app\node_modules\@sentry-internal\replay\build


Mode                 LastWriteTime         Length Name                                                                 
----                 -------------         ------ ----                                                                 
d-----        17-04-2026     19:45                npm                                                                  


    Directory: 
    C:\Users\devik\AppData\Local\Programs\cursor\_\resources\app\node_modules\@sentry-internal\replay-canvas\build


Mode                 LastWriteTime         Length Name                                                                 
----                 -------------         ------ ----                                                                 
d-----        17-04-2026     19:45                npm                                                                  


    Directory: C:\Users\devik\AppData\Local\Programs\cursor\_\resources\app\node_modules\@vscode\vsce\out


Mode                 LastWriteTime         Length Name                                                                 
----                 -------------         ------ ----                                                                 
-a----        15-04-2026     02:12           7466 npm.js                                                               


